<?xml version="1.0" encoding="UTF-8"?>
<!-- Generated by org.testng.reporters.JUnitXMLReporter -->
<testsuite ignored="0" hostname="DESKTOP-5RN11MV" failures="1" tests="1" name="Default test" time="5.131" errors="0" timestamp="2023-01-17T23:19:22 IST">
  <testcase classname="io.cucumber.testng.AbstractTestNGCucumberTests" name="runScenario" time="4.607">
    <failure type="io.cucumber.java.PendingException" message="TODO: implement me">
      <![CDATA[io.cucumber.java.PendingException: TODO: implement me
at com.tutorialninja.stepdef.Register.i_provide_all_the_below_valid_details(Register.java:38)
at ✽.I provide all the below valid details(file:///C:/Users/sh614/eclipse-workspace/com.tutorialninja/src/test/java/features/Register.feature:6)
]]>
    </failure>
  </testcase> <!-- runScenario -->
</testsuite> <!-- Default test -->
