<?xml version="1.0" encoding="UTF-8"?>
<testng-results ignored="0" total="1" passed="0" failed="1" skipped="0">
  <reporter-output>
  </reporter-output>
  <suite started-at="2023-01-17T23:19:17 IST" name="Default suite" finished-at="2023-01-17T23:19:22 IST" duration-ms="5131">
    <groups>
      <group name="cucumber">
        <method signature="AbstractTestNGCucumberTests.runScenario(io.cucumber.testng.PickleWrapper,io.cucumber.testng.FeatureWrapper)[pri:0, instance:com.tutorialninja.utomation.runner.TestNGRunner@d86a6f]" name="runScenario" class="io.cucumber.testng.AbstractTestNGCucumberTests"/>
      </group> <!-- cucumber -->
    </groups>
    <test started-at="2023-01-17T23:19:17 IST" name="Default test" finished-at="2023-01-17T23:19:22 IST" duration-ms="5131">
      <class name="com.tutorialninja.utomation.runner.TestNGRunner">
        <test-method is-config="true" signature="setUpClass(org.testng.ITestContext)[pri:0, instance:com.tutorialninja.utomation.runner.TestNGRunner@d86a6f]" started-at="2023-01-17T23:19:17 IST" name="setUpClass" finished-at="2023-01-17T23:19:18 IST" duration-ms="422" status="PASS">
          <params>
            <param index="0">
              <value>
                <![CDATA[org.testng.TestRunner@68868328]]>
              </value>
            </param>
          </params>
          <reporter-output>
          </reporter-output>
        </test-method> <!-- setUpClass -->
        <test-method signature="runScenario(io.cucumber.testng.PickleWrapper,io.cucumber.testng.FeatureWrapper)[pri:0, instance:com.tutorialninja.utomation.runner.TestNGRunner@d86a6f]" started-at="2023-01-17T23:19:18 IST" name="runScenario" description="Runs Cucumber Scenarios" data-provider="scenarios" finished-at="2023-01-17T23:19:22 IST" duration-ms="4607" status="FAIL">
          <params>
            <param index="0">
              <value>
                <![CDATA["Verify whether the user is able to register into the application by providing all the feilds"]]>
              </value>
            </param>
            <param index="1">
              <value>
                <![CDATA["Registration functionality scenarios"]]>
              </value>
            </param>
          </params>
          <exception class="io.cucumber.java.PendingException">
            <message>
              <![CDATA[TODO: implement me]]>
            </message>
            <full-stacktrace>
              <![CDATA[io.cucumber.java.PendingException: TODO: implement me
at com.tutorialninja.stepdef.Register.i_provide_all_the_below_valid_details(Register.java:38)
at ✽.I provide all the below valid details(file:///C:/Users/sh614/eclipse-workspace/com.tutorialninja/src/test/java/features/Register.feature:6)
]]>
            </full-stacktrace>
          </exception> <!-- io.cucumber.java.PendingException -->
          <reporter-output>
          </reporter-output>
        </test-method> <!-- runScenario -->
        <test-method is-config="true" signature="tearDownClass()[pri:0, instance:com.tutorialninja.utomation.runner.TestNGRunner@d86a6f]" started-at="2023-01-17T23:19:22 IST" name="tearDownClass" finished-at="2023-01-17T23:19:22 IST" duration-ms="29" status="PASS">
          <reporter-output>
          </reporter-output>
        </test-method> <!-- tearDownClass -->
      </class> <!-- com.tutorialninja.utomation.runner.TestNGRunner -->
    </test> <!-- Default test -->
  </suite> <!-- Default suite -->
</testng-results>
