<?xml version="1.0" encoding="UTF-8"?>
<testng-results ignored="0" total="4" passed="4" failed="0" skipped="0">
  <reporter-output>
  </reporter-output>
  <suite started-at="2023-01-21T15:10:07 IST" name="Default suite" finished-at="2023-01-21T15:10:25 IST" duration-ms="18309">
    <groups>
      <group name="cucumber">
        <method signature="AbstractTestNGCucumberTests.runScenario(io.cucumber.testng.PickleWrapper,io.cucumber.testng.FeatureWrapper)[pri:0, instance:com.tutorialninja.utomation.runner.TestNGRunner@d86a6f]" name="runScenario" class="io.cucumber.testng.AbstractTestNGCucumberTests"/>
      </group> <!-- cucumber -->
    </groups>
    <test started-at="2023-01-21T15:10:07 IST" name="Default test" finished-at="2023-01-21T15:10:25 IST" duration-ms="18309">
      <class name="com.tutorialninja.utomation.runner.TestNGRunner">
        <test-method is-config="true" signature="setUpClass(org.testng.ITestContext)[pri:0, instance:com.tutorialninja.utomation.runner.TestNGRunner@d86a6f]" started-at="2023-01-21T15:10:07 IST" name="setUpClass" finished-at="2023-01-21T15:10:08 IST" duration-ms="902" status="PASS">
          <params>
            <param index="0">
              <value>
                <![CDATA[org.testng.TestRunner@269222ae]]>
              </value>
            </param>
          </params>
          <reporter-output>
          </reporter-output>
        </test-method> <!-- setUpClass -->
        <test-method signature="runScenario(io.cucumber.testng.PickleWrapper,io.cucumber.testng.FeatureWrapper)[pri:0, instance:com.tutorialninja.utomation.runner.TestNGRunner@d86a6f]" started-at="2023-01-21T15:10:08 IST" name="runScenario" description="Runs Cucumber Scenarios" data-provider="scenarios" finished-at="2023-01-21T15:10:14 IST" duration-ms="6014" status="PASS">
          <params>
            <param index="0">
              <value>
                <![CDATA["Verify whether the user is able to register into the application by providing all the feilds"]]>
              </value>
            </param>
            <param index="1">
              <value>
                <![CDATA["Registration functionality scenarios"]]>
              </value>
            </param>
          </params>
          <reporter-output>
          </reporter-output>
        </test-method> <!-- runScenario -->
        <test-method signature="runScenario(io.cucumber.testng.PickleWrapper,io.cucumber.testng.FeatureWrapper)[pri:0, instance:com.tutorialninja.utomation.runner.TestNGRunner@d86a6f]" started-at="2023-01-21T15:10:14 IST" name="runScenario" description="Runs Cucumber Scenarios" data-provider="scenarios" finished-at="2023-01-21T15:10:17 IST" duration-ms="3242" status="PASS">
          <params>
            <param index="0">
              <value>
                <![CDATA["Verify whether the user is not allowed to register on skipping mandatory fields"]]>
              </value>
            </param>
            <param index="1">
              <value>
                <![CDATA["Registration functionality scenarios"]]>
              </value>
            </param>
          </params>
          <reporter-output>
          </reporter-output>
        </test-method> <!-- runScenario -->
        <test-method signature="runScenario(io.cucumber.testng.PickleWrapper,io.cucumber.testng.FeatureWrapper)[pri:0, instance:com.tutorialninja.utomation.runner.TestNGRunner@d86a6f]" started-at="2023-01-21T15:10:17 IST" name="runScenario" description="Runs Cucumber Scenarios" data-provider="scenarios" finished-at="2023-01-21T15:10:21 IST" duration-ms="4169" status="PASS">
          <params>
            <param index="0">
              <value>
                <![CDATA["Verify whether the user is able to register into the application by opting NewsLetter subscription"]]>
              </value>
            </param>
            <param index="1">
              <value>
                <![CDATA["Registration functionality scenarios"]]>
              </value>
            </param>
          </params>
          <reporter-output>
          </reporter-output>
        </test-method> <!-- runScenario -->
        <test-method signature="runScenario(io.cucumber.testng.PickleWrapper,io.cucumber.testng.FeatureWrapper)[pri:0, instance:com.tutorialninja.utomation.runner.TestNGRunner@d86a6f]" started-at="2023-01-21T15:10:21 IST" name="runScenario" description="Runs Cucumber Scenarios" data-provider="scenarios" finished-at="2023-01-21T15:10:25 IST" duration-ms="3877" status="PASS">
          <params>
            <param index="0">
              <value>
                <![CDATA["Verify whether the user is ristricted from creating a duplicate account"]]>
              </value>
            </param>
            <param index="1">
              <value>
                <![CDATA["Registration functionality scenarios"]]>
              </value>
            </param>
          </params>
          <reporter-output>
          </reporter-output>
        </test-method> <!-- runScenario -->
        <test-method is-config="true" signature="tearDownClass()[pri:0, instance:com.tutorialninja.utomation.runner.TestNGRunner@d86a6f]" started-at="2023-01-21T15:10:25 IST" name="tearDownClass" finished-at="2023-01-21T15:10:25 IST" duration-ms="47" status="PASS">
          <reporter-output>
          </reporter-output>
        </test-method> <!-- tearDownClass -->
      </class> <!-- com.tutorialninja.utomation.runner.TestNGRunner -->
    </test> <!-- Default test -->
  </suite> <!-- Default suite -->
</testng-results>
