<?xml version="1.0" encoding="UTF-8"?>
<!-- Generated by org.testng.reporters.JUnitReportReporter -->
<testsuite hostname="DESKTOP-5RN11MV" failures="0" tests="1" name="com.tutorialninja.utomation.runner.TestNGRunner" time="4.607" errors="1" timestamp="2023-01-17T23:19:22 IST" skipped="0">
  <testcase classname="com.tutorialninja.utomation.runner.TestNGRunner" name="runScenario" time="4.607">
    <error message="TODO: implement me" type="io.cucumber.java.PendingException">
      <![CDATA[io.cucumber.java.PendingException: TODO: implement me
at com.tutorialninja.stepdef.Register.i_provide_all_the_below_valid_details(Register.java:38)
at ✽.I provide all the below valid details(file:///C:/Users/sh614/eclipse-workspace/com.tutorialninja/src/test/java/features/Register.feature:6)
]]>
    </error>
  </testcase> <!-- runScenario -->
  <system-out/>
</testsuite> <!-- com.tutorialninja.utomation.runner.TestNGRunner -->
